<?xml version="1.0" encoding="UTF-8"?>
<!-- Generated by org.testng.reporters.JUnitReportReporter -->
<testsuite skipped="0" hostname="DESKTOP-SK6OQ2N" name="seleniumconcepts.CRMTest" tests="1" failures="0" timestamp="2020-07-04T14:06:50 EDT" time="0.298" errors="0">
  <testcase name="loginTest" time="0.298" classname="seleniumconcepts.CRMTest"/>
  <system-out/>
</testsuite> <!-- seleniumconcepts.CRMTest -->
